[+] Containers:
 |- [+] Container: /Game/VehicleTemplate/Maps/VehicleExampleMap
 |   |- [+] ActorDescs:
 |   |   |- Guid:055EAC0E4676A96D049610B5496DD6A5 BaseClass: NativeClass:/Script/Engine.StaticMeshActor Name:StaticMeshActor_UAID_A4BB6D4C230A932C02_1843584858 Label:SM_Cube16 SpatiallyLoaded:1 Bounds:IsValid=true, Min=(X=-8755.000 Y=-5930.000 Z=1950.000), Max=(X=-6430.000 Y=-2555.000 Z=2350.000) RuntimeGrid:None EditorOnly:0 RuntimeOnly:0 HLODRelevant:1 ListedInSceneOutliner:1 IsMainWorldOnly:0
 |   |   |- Guid:07844BB144F7060915448096C8043940 BaseClass: NativeClass:/Script/Engine.StaticMeshActor Name:StaticMeshActor_UAID_A4BB6D4C230A912C02_1416473483 Label:SM_Cube4 SpatiallyLoaded:1 Bounds:IsValid=true, Min=(X=-9100.000 Y=-160.000 Z=3120.000), Max=(X=-6575.000 Y=2915.000 Z=3795.000) RuntimeGrid:None EditorOnly:0 RuntimeOnly:0 HLODRelevant:1 ListedInSceneOutliner:1 IsMainWorldOnly:0
 |   |   |- Guid:15416BFE4D68A822D49304A328290ED1 BaseClass: NativeClass:/Script/Engine.StaticMeshActor Name:StaticMeshActor_UAID_A4BB6D4C230A932C02_1577148855 Label:SM_Cylinder4 SpatiallyLoaded:1 Bounds:IsValid=true, Min=(X=-8774.999 Y=-7304.999 Z=530.000), Max=(X=-6425.000 Y=-4955.000 Z=2380.000) RuntimeGrid:None EditorOnly:0 RuntimeOnly:0 HLODRelevant:1 ListedInSceneOutliner:1 IsMainWorldOnly:0
 |   |   |- Guid:171313D0407C3F64D2D4B296EC558C63 BaseClass: NativeClass:/Script/Landscape.LandscapeStreamingProxy Name:LandscapeStreamingProxy_BN55SI9ETKGRY904720BQHPG3_1_1_0_0 Label:LandscapeStreamingProxy_1_0_0 SpatiallyLoaded:1 Bounds:IsValid=true, Min=(X=0.000 Y=-12600.000 Z=-100.000), Max=(X=18900.000 Y=0.000 Z=100.000) RuntimeGrid:None EditorOnly:0 RuntimeOnly:0 HLODRelevant:1 ListedInSceneOutliner:1 IsMainWorldOnly:0
 |   |   |- Guid:17AC8EDB4184CB9A8AD0308824C89121 BaseClass: NativeClass:/Script/Engine.StaticMeshActor Name:StaticMeshActor_UAID_A4BB6D4C230A922C02_1883763669 Label:SM_Cube9 SpatiallyLoaded:1 Bounds:IsValid=true, Min=(X=-12065.119 Y=-12281.477 Z=0.000), Max=(X=-9177.014 Y=-9393.371 Z=950.000) RuntimeGrid:None EditorOnly:0 RuntimeOnly:0 HLODRelevant:1 ListedInSceneOutliner:1 IsMainWorldOnly:0
 |   |   |- Guid:23EF29E44B3A7E1C9BB1618CF08C3030 BaseClass: NativeClass:/Script/Engine.StaticMeshActor Name:StaticMeshActor_UAID_D812656F8AFE2E2D02_1916802111 Label:SM_Cube17 SpatiallyLoaded:1 Bounds:IsValid=true, Min=(X=1400.001 Y=6898.604 Z=7170.000), Max=(X=6600.240 Y=13002.588 Z=8620.000) RuntimeGrid:None EditorOnly:0 RuntimeOnly:0 HLODRelevant:1 ListedInSceneOutliner:1 IsMainWorldOnly:0
 |   |   |- Guid:25E856F042412E1485596BAE8A5ABA38 BaseClass: NativeClass:/Script/Landscape.LandscapeStreamingProxy Name:LandscapeStreamingProxy_BN55SI9ETKGRY904720BQHPG3_1_0_0_0 Label:LandscapeStreamingProxy_0_0_0 SpatiallyLoaded:1 Bounds:IsValid=true, Min=(X=-12600.000 Y=-12600.000 Z=-100.000), Max=(X=0.000 Y=0.000 Z=100.000) RuntimeGrid:None EditorOnly:0 RuntimeOnly:0 HLODRelevant:1 ListedInSceneOutliner:1 IsMainWorldOnly:0
 |   |   |- Guid:389578C94319C2CE6CF06FB4340ABC48 BaseClass: NativeClass:/Script/Engine.StaticMeshActor Name:StaticMeshActor_UAID_A4BB6D4C230A912C02_1105915479 Label:SM_Cube SpatiallyLoaded:1 Bounds:IsValid=true, Min=(X=-8890.000 Y=-160.000 Z=0.000), Max=(X=-6790.000 Y=2540.000 Z=5000.000) RuntimeGrid:None EditorOnly:0 RuntimeOnly:0 HLODRelevant:1 ListedInSceneOutliner:1 IsMainWorldOnly:0
 |   |   |- Guid:3DE7A1C34CC794132B6149BA37BAA3DC BaseClass: NativeClass:/Script/Engine.StaticMeshActor Name:StaticMeshActor_UAID_A4BB6D4C230A922C02_1400145667 Label:SM_QuarterCylinder SpatiallyLoaded:1 Bounds:IsValid=true, Min=(X=-129.199 Y=10907.272 Z=-2510.429), Max=(X=3834.171 Y=14850.364 Z=8564.570) RuntimeGrid:None EditorOnly:0 RuntimeOnly:0 HLODRelevant:1 ListedInSceneOutliner:1 IsMainWorldOnly:0
 |   |   |- Guid:57FFF21549B35B2E31D9AE9D865A0936 BaseClass: NativeClass:/Script/Engine.StaticMeshActor Name:StaticMeshActor_UAID_A4BB6D4C230A912C02_1413307482 Label:SM_Cube3 SpatiallyLoaded:1 Bounds:IsValid=true, Min=(X=-9100.000 Y=-530.000 Z=2210.000), Max=(X=-6575.000 Y=2545.000 Z=2885.000) RuntimeGrid:None EditorOnly:0 RuntimeOnly:0 HLODRelevant:1 ListedInSceneOutliner:1 IsMainWorldOnly:0
 |   |   |- Guid:615640D340467BAD9B0528B11231C3BC BaseClass: NativeClass:/Script/Engine.StaticMeshActor Name:StaticMeshActor_UAID_A4BB6D4C230A922C02_1901129670 Label:SM_Cylinder2 SpatiallyLoaded:1 Bounds:IsValid=true, Min=(X=-11630.670 Y=-11855.921 Z=950.000), Max=(X=-9623.085 Y=-9848.336 Z=1475.000) RuntimeGrid:None EditorOnly:0 RuntimeOnly:0 HLODRelevant:1 ListedInSceneOutliner:1 IsMainWorldOnly:0
 |   |   |- Guid:62B351BB423B9EABD5AE849DD1DFC408 BaseClass: NativeClass:/Script/Engine.VolumetricCloud Name:VolumetricCloud_0 Label:VolumetricCloud SpatiallyLoaded:0 Bounds:IsValid=true, Min=(X=-12600.000 Y=-12600.000 Z=720.000), Max=(X=-12600.000 Y=-12600.000 Z=720.000) RuntimeGrid:None EditorOnly:0 RuntimeOnly:0 HLODRelevant:0 ListedInSceneOutliner:1 IsMainWorldOnly:0 FolderPath:Lighting FolderGuid:602030AD4CB26C050EF7B98FCA62FBCA
 |   |   |- Guid:649DE9AC4AAC2445F415518ACEF30635 BaseClass: NativeClass:/Script/Engine.StaticMeshActor Name:StaticMeshActor_UAID_A4BB6D4C230A922C02_2108870675 Label:SM_Cube12 SpatiallyLoaded:1 Bounds:IsValid=true, Min=(X=1390.001 Y=6888.604 Z=-80.000), Max=(X=6590.240 Y=12992.588 Z=1370.000) RuntimeGrid:None EditorOnly:0 RuntimeOnly:0 HLODRelevant:1 ListedInSceneOutliner:1 IsMainWorldOnly:0
 |   |   |- Guid:6A1C7CE945AD720405A2B8A0CDC31EEA BaseClass: NativeClass:/Script/Engine.WorldDataLayers Name:WorldDataLayers Label:WorldDataLayers-1 SpatiallyLoaded:0 Bounds:IsValid=true, Min=(X=0.000 Y=0.000 Z=0.000), Max=(X=0.000 Y=0.000 Z=0.000) RuntimeGrid:None EditorOnly:0 RuntimeOnly:0 HLODRelevant:0 ListedInSceneOutliner:1 IsMainWorldOnly:1
 |   |   |- Guid:6B337CAD4C563049716FB399D124EC3D BaseClass: NativeClass:/Script/Engine.SkyLight Name:SkyLight_1 Label:SkyLight SpatiallyLoaded:0 Bounds:IsValid=true, Min=(X=-12600.000 Y=-12600.000 Z=590.000), Max=(X=-12600.000 Y=-12600.000 Z=590.000) RuntimeGrid:None EditorOnly:0 RuntimeOnly:0 HLODRelevant:0 ListedInSceneOutliner:1 IsMainWorldOnly:0 FolderPath:Lighting FolderGuid:602030AD4CB26C050EF7B98FCA62FBCA
 |   |   |- Guid:6C62788144E17A979226A4BA49BE9805 BaseClass: NativeClass:/Script/Landscape.LandscapeSplineActor Name:LandscapeSplineActor_0 Label:LandscapeSplineActor SpatiallyLoaded:1 Bounds:IsValid=true, Min=(X=-12285.941 Y=-13137.538 Z=-485.062), Max=(X=32243.064 Y=17459.563 Z=2284.938) RuntimeGrid:None EditorOnly:0 RuntimeOnly:0 HLODRelevant:1 ListedInSceneOutliner:1 IsMainWorldOnly:0
 |   |   |- Guid:71DE745C4AB9812355A8239715184F47 BaseClass: NativeClass:/Script/Engine.StaticMeshActor Name:StaticMeshActor_UAID_A4BB6D4C230A912C02_1742085488 Label:SM_Cube7 SpatiallyLoaded:1 Bounds:IsValid=true, Min=(X=-8630.000 Y=-5710.000 Z=0.000), Max=(X=-6555.000 Y=-2710.000 Z=2700.000) RuntimeGrid:None EditorOnly:0 RuntimeOnly:0 HLODRelevant:1 ListedInSceneOutliner:1 IsMainWorldOnly:0
 |   |   |- Guid:72FBA45F474AD6B89F11049FCA83748F BaseClass: NativeClass:/Script/Engine.StaticMeshActor Name:StaticMeshActor_UAID_A4AE111137DC5DFB00_1630210247 Label:SM_SkySphere SpatiallyLoaded:1 Bounds:IsValid=true, Min=(X=-1638400.000 Y=-1638400.000 Z=-1638400.000), Max=(X=1638400.000 Y=1638400.000 Z=1638400.000) RuntimeGrid:None EditorOnly:0 RuntimeOnly:0 HLODRelevant:1 ListedInSceneOutliner:1 IsMainWorldOnly:0 FolderPath:Lighting FolderGuid:602030AD4CB26C050EF7B98FCA62FBCA
 |   |   |- Guid:80246D09483A292FE35C60A40C547CA1 BaseClass: NativeClass:/Script/Engine.StaticMeshActor Name:StaticMeshActor_UAID_A4BB6D4C230A932C02_1275648853 Label:SM_Cube13 SpatiallyLoaded:1 Bounds:IsValid=true, Min=(X=-7410.000 Y=-7290.000 Z=1950.000), Max=(X=-3210.000 Y=-4965.000 Z=2350.000) RuntimeGrid:None EditorOnly:0 RuntimeOnly:0 HLODRelevant:1 ListedInSceneOutliner:1 IsMainWorldOnly:0
 |   |   |- Guid:8081F1EF4AE2C73C347C1E99C555707E BaseClass: NativeClass:/Script/Engine.StaticMeshActor Name:StaticMeshActor_UAID_A4BB6D4C230A932C02_1671622856 Label:SM_Cube14 SpatiallyLoaded:1 Bounds:IsValid=true, Min=(X=-7410.000 Y=-7290.000 Z=530.000), Max=(X=-3210.000 Y=-4965.000 Z=930.000) RuntimeGrid:None EditorOnly:0 RuntimeOnly:0 HLODRelevant:1 ListedInSceneOutliner:1 IsMainWorldOnly:0
 |   |   |- Guid:8B1D5DD944C3308CB710C78DA7771909 BaseClass: NativeClass:/Script/Landscape.LandscapeSplineActor Name:LandscapeSplineActor_UAID_D812656F8AFEC82802_2067434935 Label:LandscapeSplineActor2 SpatiallyLoaded:1 Bounds:IsValid=true, Min=(X=14444.775 Y=-10497.021 Z=-0.062), Max=(X=14444.775 Y=-10497.021 Z=-0.062) RuntimeGrid:None EditorOnly:0 RuntimeOnly:0 HLODRelevant:0 ListedInSceneOutliner:1 IsMainWorldOnly:0
 |   |   |- Guid:8C0FA1084325C13D99C659A1CE031414 BaseClass: NativeClass:/Script/Engine.PlayerStart Name:PlayerStart_1 Label:PlayerStart SpatiallyLoaded:0 Bounds:IsValid=true, Min=(X=-10310.000 Y=-1400.000 Z=9.935), Max=(X=-10230.000 Y=-1320.000 Z=101.935) RuntimeGrid:None EditorOnly:0 RuntimeOnly:0 HLODRelevant:0 ListedInSceneOutliner:1 IsMainWorldOnly:0
 |   |   |- Guid:9735224944BB97D3633F0CBBE1592234 BaseClass: NativeClass:/Script/Engine.StaticMeshActor Name:StaticMeshActor_UAID_A4BB6D4C230A922C02_1954627672 Label:SM_Cylinder3 SpatiallyLoaded:1 Bounds:IsValid=true, Min=(X=-11630.670 Y=-11855.921 Z=2180.000), Max=(X=-9623.085 Y=-9848.336 Z=2705.000) RuntimeGrid:None EditorOnly:0 RuntimeOnly:0 HLODRelevant:1 ListedInSceneOutliner:1 IsMainWorldOnly:0
 |   |   |- Guid:9C49EEBC4D04BB8C2F53CCB48F682B5B BaseClass: NativeClass:/Script/Landscape.LandscapeSplineActor Name:LandscapeSplineActor_UAID_D812656F8AFECB2802_1819245466 Label:LandscapeSplineActor5 SpatiallyLoaded:1 Bounds:IsValid=true, Min=(X=3893.068 Y=-1777.968 Z=1059.916), Max=(X=3893.068 Y=-1777.968 Z=1059.916) RuntimeGrid:None EditorOnly:0 RuntimeOnly:0 HLODRelevant:0 ListedInSceneOutliner:1 IsMainWorldOnly:0
 |   |   |- Guid:A0ABE0434243AF4E520653B4314A4A6B BaseClass: NativeClass:/Script/Landscape.LandscapeSplineActor Name:LandscapeSplineActor_UAID_D812656F8AFEC82802_2139868937 Label:LandscapeSplineActor4 SpatiallyLoaded:1 Bounds:IsValid=true, Min=(X=14444.775 Y=-7427.021 Z=-0.062), Max=(X=14444.775 Y=-7427.021 Z=-0.062) RuntimeGrid:None EditorOnly:0 RuntimeOnly:0 HLODRelevant:0 ListedInSceneOutliner:1 IsMainWorldOnly:0
 |   |   |- Guid:A2B428AE418B31920D8F649D909DD792 BaseClass: NativeClass:/Script/Engine.StaticMeshActor Name:StaticMeshActor_UAID_A4BB6D4C230A922C02_1960542673 Label:SM_Cube11 SpatiallyLoaded:1 Bounds:IsValid=true, Min=(X=-12065.119 Y=-12281.477 Z=2700.000), Max=(X=-9177.014 Y=-9393.371 Z=3425.000) RuntimeGrid:None EditorOnly:0 RuntimeOnly:0 HLODRelevant:1 ListedInSceneOutliner:1 IsMainWorldOnly:0
 |   |   |- Guid:A5D6E6BB46BAC15E6D356990E1F7F480 BaseClass: NativeClass:/Script/Engine.DirectionalLight Name:DirectionalLight_0 Label:DirectionalLight SpatiallyLoaded:0 Bounds:IsValid=true, Min=(X=-1048576.000 Y=-1048576.000 Z=-1048576.000), Max=(X=1048576.000 Y=1048576.000 Z=1048576.000) RuntimeGrid:None EditorOnly:0 RuntimeOnly:0 HLODRelevant:0 ListedInSceneOutliner:1 IsMainWorldOnly:0 FolderPath:Lighting FolderGuid:602030AD4CB26C050EF7B98FCA62FBCA
 |   |   |- Guid:A6ABCCAF4857AE8E40E6228F0FECD123 BaseClass: NativeClass:/Script/Landscape.Landscape Name:Landscape_0 Label:Landscape SpatiallyLoaded:0 Bounds:IsValid=true, Min=(X=-25200.000 Y=-25200.000 Z=0.000), Max=(X=-25200.000 Y=-25200.000 Z=0.000) RuntimeGrid:None EditorOnly:0 RuntimeOnly:0 HLODRelevant:0 ListedInSceneOutliner:1 IsMainWorldOnly:0 FolderPath:Landscape FolderGuid:912F765E4714A1DB296369A3E4390900
 |   |   |- Guid:A86B73D048A2C3DC05389C9A6D2D1B60 BaseClass: NativeClass:/Script/Engine.StaticMeshActor Name:StaticMeshActor_UAID_A4BB6D4C230A932C02_1700364857 Label:SM_Cube15 SpatiallyLoaded:1 Bounds:IsValid=true, Min=(X=-8755.000 Y=-5930.000 Z=530.000), Max=(X=-6430.000 Y=-2555.000 Z=930.000) RuntimeGrid:None EditorOnly:0 RuntimeOnly:0 HLODRelevant:1 ListedInSceneOutliner:1 IsMainWorldOnly:0
 |   |   |- Guid:AB3D653A48C4F01FAA4F39A2698C3518 BaseClass: NativeClass:/Script/Engine.SkyAtmosphere Name:SkyAtmosphere_0 Label:SkyAtmosphere SpatiallyLoaded:0 Bounds:IsValid=true, Min=(X=-12600.000 Y=-12600.000 Z=920.000), Max=(X=-12600.000 Y=-12600.000 Z=920.000) RuntimeGrid:None EditorOnly:0 RuntimeOnly:0 HLODRelevant:0 ListedInSceneOutliner:1 IsMainWorldOnly:0 FolderPath:Lighting FolderGuid:602030AD4CB26C050EF7B98FCA62FBCA
 |   |   |- Guid:ADF3FF3246094F593DF6468AB476B252 BaseClass: NativeClass:/Script/Engine.StaticMeshActor Name:StaticMeshActor_UAID_A4BB6D4C230A912C02_1427658485 Label:SM_Cube6 SpatiallyLoaded:1 Bounds:IsValid=true, Min=(X=-9100.000 Y=-530.000 Z=4060.000), Max=(X=-6575.000 Y=2545.000 Z=4735.000) RuntimeGrid:None EditorOnly:0 RuntimeOnly:0 HLODRelevant:1 ListedInSceneOutliner:1 IsMainWorldOnly:0
 |   |   |- Guid:B73D44804041864106489FB4B211F884 BaseClass: NativeClass:/Script/Engine.StaticMeshActor Name:StaticMeshActor_UAID_A4BB6D4C230A912C02_1423256484 Label:SM_Cube5 SpatiallyLoaded:1 Bounds:IsValid=true, Min=(X=-9100.000 Y=-530.000 Z=430.000), Max=(X=-6575.000 Y=2545.000 Z=1105.000) RuntimeGrid:None EditorOnly:0 RuntimeOnly:0 HLODRelevant:1 ListedInSceneOutliner:1 IsMainWorldOnly:0
 |   |   |- Guid:B8BF4C2749395FF8B04486BB811D389B BaseClass: NativeClass:/Script/Engine.StaticMeshActor Name:StaticMeshActor_UAID_A4BB6D4C230A922C02_1935582671 Label:SM_Cube10 SpatiallyLoaded:1 Bounds:IsValid=true, Min=(X=-12065.119 Y=-12281.477 Z=1460.000), Max=(X=-9177.014 Y=-9393.371 Z=2185.000) RuntimeGrid:None EditorOnly:0 RuntimeOnly:0 HLODRelevant:1 ListedInSceneOutliner:1 IsMainWorldOnly:0
 |   |   |- Guid:BADB0C4C4CE2AFEBE0E228BE26D71AC6 BaseClass: NativeClass:/Script/Landscape.LandscapeStreamingProxy Name:LandscapeStreamingProxy_BN55SI9ETKGRY904720BQHPG3_1_0_1_0 Label:LandscapeStreamingProxy_0_1_0 SpatiallyLoaded:1 Bounds:IsValid=true, Min=(X=-12600.000 Y=0.000 Z=-100.000), Max=(X=0.000 Y=12600.000 Z=100.000) RuntimeGrid:None EditorOnly:0 RuntimeOnly:0 HLODRelevant:1 ListedInSceneOutliner:1 IsMainWorldOnly:0
 |   |   |- Guid:C44F9DE64630391BEE94D9B08D47F146 BaseClass: NativeClass:/Script/Engine.StaticMeshActor Name:StaticMeshActor_UAID_A4BB6D4C230A912C02_1806411489 Label:SM_Cube8 SpatiallyLoaded:1 Bounds:IsValid=true, Min=(X=-7210.000 Y=-7155.000 Z=0.000), Max=(X=-3285.000 Y=-5080.000 Z=2700.000) RuntimeGrid:None EditorOnly:0 RuntimeOnly:0 HLODRelevant:1 ListedInSceneOutliner:1 IsMainWorldOnly:0
 |   |   |- Guid:CA3C0F6345B2DA9E299ED5BEE611655B BaseClass: NativeClass:/Script/Engine.ExponentialHeightFog Name:ExponentialHeightFog_0 Label:ExponentialHeightFog SpatiallyLoaded:0 Bounds:IsValid=true, Min=(X=-18200.000 Y=-12650.000 Z=-6950.000), Max=(X=-18200.000 Y=-12650.000 Z=-6950.000) RuntimeGrid:None EditorOnly:0 RuntimeOnly:0 HLODRelevant:0 ListedInSceneOutliner:1 IsMainWorldOnly:0 FolderPath:Lighting FolderGuid:602030AD4CB26C050EF7B98FCA62FBCA
 |   |   |- Guid:D5CE1A3946843967B0D1A493A9ED5CF6 BaseClass: NativeClass:/Script/Engine.PostProcessVolume Name:PostProcessVolume_0 Label:PostProcessVolume SpatiallyLoaded:0 Bounds:IsValid=true, Min=(X=-12600.000 Y=-12600.000 Z=300.000), Max=(X=-12400.000 Y=-12400.000 Z=500.000) RuntimeGrid:None EditorOnly:0 RuntimeOnly:0 HLODRelevant:0 ListedInSceneOutliner:1 IsMainWorldOnly:0 FolderPath:Lighting FolderGuid:602030AD4CB26C050EF7B98FCA62FBCA
 |   |   |- Guid:DB51ECF7439E5272D96AEF83EF77B392 BaseClass: NativeClass:/Script/Landscape.LandscapeStreamingProxy Name:LandscapeStreamingProxy_BN55SI9ETKGRY904720BQHPG3_1_1_1_0 Label:LandscapeStreamingProxy_1_1_0 SpatiallyLoaded:1 Bounds:IsValid=true, Min=(X=0.000 Y=0.000 Z=-100.000), Max=(X=12600.000 Y=12600.000 Z=100.000) RuntimeGrid:None EditorOnly:0 RuntimeOnly:0 HLODRelevant:1 ListedInSceneOutliner:1 IsMainWorldOnly:0
 |   |   |- Guid:F08E422943C47E22204998A608F1C039 BaseClass: NativeClass:/Script/Engine.StaticMeshActor Name:StaticMeshActor_UAID_A4BB6D4C230A922C02_1459610668 Label:SM_QuarterCylinder2 SpatiallyLoaded:1 Bounds:IsValid=true, Min=(X=4098.572 Y=5035.827 Z=-2510.429), Max=(X=8061.941 Y=8978.919 Z=8564.570) RuntimeGrid:None EditorOnly:0 RuntimeOnly:0 HLODRelevant:1 ListedInSceneOutliner:1 IsMainWorldOnly:0
 |   |   |- Guid:F93825DE4052A18A9C5297A221D152D9 BaseClass: NativeClass:/Script/Engine.StaticMeshActor Name:StaticMeshActor_UAID_A4BB6D4C230A912C02_1298115481 Label:SM_Cube2 SpatiallyLoaded:1 Bounds:IsValid=true, Min=(X=-9100.000 Y=-160.000 Z=1290.000), Max=(X=-6575.000 Y=2915.000 Z=1965.000) RuntimeGrid:None EditorOnly:0 RuntimeOnly:0 HLODRelevant:1 ListedInSceneOutliner:1 IsMainWorldOnly:0
 |   |   |- Guid:FB26E96547B1AC6A1E79F2ABA99DFA0D BaseClass: NativeClass:/Script/Landscape.LandscapeSplineActor Name:LandscapeSplineActor_UAID_D812656F8AFEC82802_2137003936 Label:LandscapeSplineActor3 SpatiallyLoaded:1 Bounds:IsValid=true, Min=(X=14444.775 Y=-10497.021 Z=-0.062), Max=(X=14444.775 Y=-10497.021 Z=-0.062) RuntimeGrid:None EditorOnly:0 RuntimeOnly:0 HLODRelevant:0 ListedInSceneOutliner:1 IsMainWorldOnly:0
 |   |   |- Guid:FC6CDABC4B74E7DF85A01B9DF4C0EBBB BaseClass: NativeClass:/Script/Engine.StaticMeshActor Name:StaticMeshActor_UAID_A4BB6D4C230A912C02_1885090490 Label:SM_Cylinder SpatiallyLoaded:1 Bounds:IsValid=true, Min=(X=-8712.499 Y=-7242.499 Z=0.000), Max=(X=-6487.500 Y=-5017.500 Z=2700.000) RuntimeGrid:None EditorOnly:0 RuntimeOnly:0 HLODRelevant:1 ListedInSceneOutliner:1 IsMainWorldOnly:0
 |   |   |- Guid:FD06D98F4BDE1A797FF3D0AA6658BD2E BaseClass: NativeClass:/Script/Engine.TextRenderActor Name:TextRenderActor_1 Label:TextRenderActor SpatiallyLoaded:1 Bounds:IsValid=true, Min=(X=-11407.019 Y=-2089.928 Z=490.598), Max=(X=-9237.967 Y=-2062.093 Z=690.598) RuntimeGrid:None EditorOnly:0 RuntimeOnly:0 HLODRelevant:0 ListedInSceneOutliner:1 IsMainWorldOnly:0
 |   |- [+] Clusters:
 |   |   |- [+] [  0]
 |   |   |   |- Guid:055EAC0E4676A96D049610B5496DD6A5 BaseClass: NativeClass:/Script/Engine.StaticMeshActor Name:StaticMeshActor_UAID_A4BB6D4C230A932C02_1843584858 Label:SM_Cube16 SpatiallyLoaded:1 Bounds:IsValid=true, Min=(X=-8755.000 Y=-5930.000 Z=1950.000), Max=(X=-6430.000 Y=-2555.000 Z=2350.000) RuntimeGrid:None EditorOnly:0 RuntimeOnly:0 HLODRelevant:1 ListedInSceneOutliner:1 IsMainWorldOnly:0
 |   |   |- [+] [  1]
 |   |   |   |- Guid:07844BB144F7060915448096C8043940 BaseClass: NativeClass:/Script/Engine.StaticMeshActor Name:StaticMeshActor_UAID_A4BB6D4C230A912C02_1416473483 Label:SM_Cube4 SpatiallyLoaded:1 Bounds:IsValid=true, Min=(X=-9100.000 Y=-160.000 Z=3120.000), Max=(X=-6575.000 Y=2915.000 Z=3795.000) RuntimeGrid:None EditorOnly:0 RuntimeOnly:0 HLODRelevant:1 ListedInSceneOutliner:1 IsMainWorldOnly:0
 |   |   |- [+] [  2]
 |   |   |   |- Guid:15416BFE4D68A822D49304A328290ED1 BaseClass: NativeClass:/Script/Engine.StaticMeshActor Name:StaticMeshActor_UAID_A4BB6D4C230A932C02_1577148855 Label:SM_Cylinder4 SpatiallyLoaded:1 Bounds:IsValid=true, Min=(X=-8774.999 Y=-7304.999 Z=530.000), Max=(X=-6425.000 Y=-4955.000 Z=2380.000) RuntimeGrid:None EditorOnly:0 RuntimeOnly:0 HLODRelevant:1 ListedInSceneOutliner:1 IsMainWorldOnly:0
 |   |   |- [+] [  3]
 |   |   |   |- Guid:171313D0407C3F64D2D4B296EC558C63 BaseClass: NativeClass:/Script/Landscape.LandscapeStreamingProxy Name:LandscapeStreamingProxy_BN55SI9ETKGRY904720BQHPG3_1_1_0_0 Label:LandscapeStreamingProxy_1_0_0 SpatiallyLoaded:1 Bounds:IsValid=true, Min=(X=0.000 Y=-12600.000 Z=-100.000), Max=(X=18900.000 Y=0.000 Z=100.000) RuntimeGrid:None EditorOnly:0 RuntimeOnly:0 HLODRelevant:1 ListedInSceneOutliner:1 IsMainWorldOnly:0
 |   |   |- [+] [  4]
 |   |   |   |- Guid:17AC8EDB4184CB9A8AD0308824C89121 BaseClass: NativeClass:/Script/Engine.StaticMeshActor Name:StaticMeshActor_UAID_A4BB6D4C230A922C02_1883763669 Label:SM_Cube9 SpatiallyLoaded:1 Bounds:IsValid=true, Min=(X=-12065.119 Y=-12281.477 Z=0.000), Max=(X=-9177.014 Y=-9393.371 Z=950.000) RuntimeGrid:None EditorOnly:0 RuntimeOnly:0 HLODRelevant:1 ListedInSceneOutliner:1 IsMainWorldOnly:0
 |   |   |- [+] [  5]
 |   |   |   |- Guid:23EF29E44B3A7E1C9BB1618CF08C3030 BaseClass: NativeClass:/Script/Engine.StaticMeshActor Name:StaticMeshActor_UAID_D812656F8AFE2E2D02_1916802111 Label:SM_Cube17 SpatiallyLoaded:1 Bounds:IsValid=true, Min=(X=1400.001 Y=6898.604 Z=7170.000), Max=(X=6600.240 Y=13002.588 Z=8620.000) RuntimeGrid:None EditorOnly:0 RuntimeOnly:0 HLODRelevant:1 ListedInSceneOutliner:1 IsMainWorldOnly:0
 |   |   |- [+] [  6]
 |   |   |   |- Guid:25E856F042412E1485596BAE8A5ABA38 BaseClass: NativeClass:/Script/Landscape.LandscapeStreamingProxy Name:LandscapeStreamingProxy_BN55SI9ETKGRY904720BQHPG3_1_0_0_0 Label:LandscapeStreamingProxy_0_0_0 SpatiallyLoaded:1 Bounds:IsValid=true, Min=(X=-12600.000 Y=-12600.000 Z=-100.000), Max=(X=0.000 Y=0.000 Z=100.000) RuntimeGrid:None EditorOnly:0 RuntimeOnly:0 HLODRelevant:1 ListedInSceneOutliner:1 IsMainWorldOnly:0
 |   |   |- [+] [  7]
 |   |   |   |- Guid:389578C94319C2CE6CF06FB4340ABC48 BaseClass: NativeClass:/Script/Engine.StaticMeshActor Name:StaticMeshActor_UAID_A4BB6D4C230A912C02_1105915479 Label:SM_Cube SpatiallyLoaded:1 Bounds:IsValid=true, Min=(X=-8890.000 Y=-160.000 Z=0.000), Max=(X=-6790.000 Y=2540.000 Z=5000.000) RuntimeGrid:None EditorOnly:0 RuntimeOnly:0 HLODRelevant:1 ListedInSceneOutliner:1 IsMainWorldOnly:0
 |   |   |- [+] [  8]
 |   |   |   |- Guid:3DE7A1C34CC794132B6149BA37BAA3DC BaseClass: NativeClass:/Script/Engine.StaticMeshActor Name:StaticMeshActor_UAID_A4BB6D4C230A922C02_1400145667 Label:SM_QuarterCylinder SpatiallyLoaded:1 Bounds:IsValid=true, Min=(X=-129.199 Y=10907.272 Z=-2510.429), Max=(X=3834.171 Y=14850.364 Z=8564.570) RuntimeGrid:None EditorOnly:0 RuntimeOnly:0 HLODRelevant:1 ListedInSceneOutliner:1 IsMainWorldOnly:0
 |   |   |- [+] [  9]
 |   |   |   |- Guid:57FFF21549B35B2E31D9AE9D865A0936 BaseClass: NativeClass:/Script/Engine.StaticMeshActor Name:StaticMeshActor_UAID_A4BB6D4C230A912C02_1413307482 Label:SM_Cube3 SpatiallyLoaded:1 Bounds:IsValid=true, Min=(X=-9100.000 Y=-530.000 Z=2210.000), Max=(X=-6575.000 Y=2545.000 Z=2885.000) RuntimeGrid:None EditorOnly:0 RuntimeOnly:0 HLODRelevant:1 ListedInSceneOutliner:1 IsMainWorldOnly:0
 |   |   |- [+] [ 10]
 |   |   |   |- Guid:615640D340467BAD9B0528B11231C3BC BaseClass: NativeClass:/Script/Engine.StaticMeshActor Name:StaticMeshActor_UAID_A4BB6D4C230A922C02_1901129670 Label:SM_Cylinder2 SpatiallyLoaded:1 Bounds:IsValid=true, Min=(X=-11630.670 Y=-11855.921 Z=950.000), Max=(X=-9623.085 Y=-9848.336 Z=1475.000) RuntimeGrid:None EditorOnly:0 RuntimeOnly:0 HLODRelevant:1 ListedInSceneOutliner:1 IsMainWorldOnly:0
 |   |   |- [+] [ 11]
 |   |   |   |- Guid:62B351BB423B9EABD5AE849DD1DFC408 BaseClass: NativeClass:/Script/Engine.VolumetricCloud Name:VolumetricCloud_0 Label:VolumetricCloud SpatiallyLoaded:0 Bounds:IsValid=true, Min=(X=-12600.000 Y=-12600.000 Z=720.000), Max=(X=-12600.000 Y=-12600.000 Z=720.000) RuntimeGrid:None EditorOnly:0 RuntimeOnly:0 HLODRelevant:0 ListedInSceneOutliner:1 IsMainWorldOnly:0 FolderPath:Lighting FolderGuid:602030AD4CB26C050EF7B98FCA62FBCA
 |   |   |- [+] [ 12]
 |   |   |   |- Guid:649DE9AC4AAC2445F415518ACEF30635 BaseClass: NativeClass:/Script/Engine.StaticMeshActor Name:StaticMeshActor_UAID_A4BB6D4C230A922C02_2108870675 Label:SM_Cube12 SpatiallyLoaded:1 Bounds:IsValid=true, Min=(X=1390.001 Y=6888.604 Z=-80.000), Max=(X=6590.240 Y=12992.588 Z=1370.000) RuntimeGrid:None EditorOnly:0 RuntimeOnly:0 HLODRelevant:1 ListedInSceneOutliner:1 IsMainWorldOnly:0
 |   |   |- [+] [ 13]
 |   |   |   |- Guid:6A1C7CE945AD720405A2B8A0CDC31EEA BaseClass: NativeClass:/Script/Engine.WorldDataLayers Name:WorldDataLayers Label:WorldDataLayers-1 SpatiallyLoaded:0 Bounds:IsValid=true, Min=(X=0.000 Y=0.000 Z=0.000), Max=(X=0.000 Y=0.000 Z=0.000) RuntimeGrid:None EditorOnly:0 RuntimeOnly:0 HLODRelevant:0 ListedInSceneOutliner:1 IsMainWorldOnly:1
 |   |   |- [+] [ 14]
 |   |   |   |- Guid:6B337CAD4C563049716FB399D124EC3D BaseClass: NativeClass:/Script/Engine.SkyLight Name:SkyLight_1 Label:SkyLight SpatiallyLoaded:0 Bounds:IsValid=true, Min=(X=-12600.000 Y=-12600.000 Z=590.000), Max=(X=-12600.000 Y=-12600.000 Z=590.000) RuntimeGrid:None EditorOnly:0 RuntimeOnly:0 HLODRelevant:0 ListedInSceneOutliner:1 IsMainWorldOnly:0 FolderPath:Lighting FolderGuid:602030AD4CB26C050EF7B98FCA62FBCA
 |   |   |- [+] [ 15]
 |   |   |   |- Guid:6C62788144E17A979226A4BA49BE9805 BaseClass: NativeClass:/Script/Landscape.LandscapeSplineActor Name:LandscapeSplineActor_0 Label:LandscapeSplineActor SpatiallyLoaded:1 Bounds:IsValid=true, Min=(X=-12285.941 Y=-13137.538 Z=-485.062), Max=(X=32243.064 Y=17459.563 Z=2284.938) RuntimeGrid:None EditorOnly:0 RuntimeOnly:0 HLODRelevant:1 ListedInSceneOutliner:1 IsMainWorldOnly:0
 |   |   |- [+] [ 16]
 |   |   |   |- Guid:71DE745C4AB9812355A8239715184F47 BaseClass: NativeClass:/Script/Engine.StaticMeshActor Name:StaticMeshActor_UAID_A4BB6D4C230A912C02_1742085488 Label:SM_Cube7 SpatiallyLoaded:1 Bounds:IsValid=true, Min=(X=-8630.000 Y=-5710.000 Z=0.000), Max=(X=-6555.000 Y=-2710.000 Z=2700.000) RuntimeGrid:None EditorOnly:0 RuntimeOnly:0 HLODRelevant:1 ListedInSceneOutliner:1 IsMainWorldOnly:0
 |   |   |- [+] [ 17]
 |   |   |   |- Guid:72FBA45F474AD6B89F11049FCA83748F BaseClass: NativeClass:/Script/Engine.StaticMeshActor Name:StaticMeshActor_UAID_A4AE111137DC5DFB00_1630210247 Label:SM_SkySphere SpatiallyLoaded:1 Bounds:IsValid=true, Min=(X=-1638400.000 Y=-1638400.000 Z=-1638400.000), Max=(X=1638400.000 Y=1638400.000 Z=1638400.000) RuntimeGrid:None EditorOnly:0 RuntimeOnly:0 HLODRelevant:1 ListedInSceneOutliner:1 IsMainWorldOnly:0 FolderPath:Lighting FolderGuid:602030AD4CB26C050EF7B98FCA62FBCA
 |   |   |- [+] [ 18]
 |   |   |   |- Guid:80246D09483A292FE35C60A40C547CA1 BaseClass: NativeClass:/Script/Engine.StaticMeshActor Name:StaticMeshActor_UAID_A4BB6D4C230A932C02_1275648853 Label:SM_Cube13 SpatiallyLoaded:1 Bounds:IsValid=true, Min=(X=-7410.000 Y=-7290.000 Z=1950.000), Max=(X=-3210.000 Y=-4965.000 Z=2350.000) RuntimeGrid:None EditorOnly:0 RuntimeOnly:0 HLODRelevant:1 ListedInSceneOutliner:1 IsMainWorldOnly:0
 |   |   |- [+] [ 19]
 |   |   |   |- Guid:8081F1EF4AE2C73C347C1E99C555707E BaseClass: NativeClass:/Script/Engine.StaticMeshActor Name:StaticMeshActor_UAID_A4BB6D4C230A932C02_1671622856 Label:SM_Cube14 SpatiallyLoaded:1 Bounds:IsValid=true, Min=(X=-7410.000 Y=-7290.000 Z=530.000), Max=(X=-3210.000 Y=-4965.000 Z=930.000) RuntimeGrid:None EditorOnly:0 RuntimeOnly:0 HLODRelevant:1 ListedInSceneOutliner:1 IsMainWorldOnly:0
 |   |   |- [+] [ 20]
 |   |   |   |- Guid:8B1D5DD944C3308CB710C78DA7771909 BaseClass: NativeClass:/Script/Landscape.LandscapeSplineActor Name:LandscapeSplineActor_UAID_D812656F8AFEC82802_2067434935 Label:LandscapeSplineActor2 SpatiallyLoaded:1 Bounds:IsValid=true, Min=(X=14444.775 Y=-10497.021 Z=-0.062), Max=(X=14444.775 Y=-10497.021 Z=-0.062) RuntimeGrid:None EditorOnly:0 RuntimeOnly:0 HLODRelevant:0 ListedInSceneOutliner:1 IsMainWorldOnly:0
 |   |   |- [+] [ 21]
 |   |   |   |- Guid:8C0FA1084325C13D99C659A1CE031414 BaseClass: NativeClass:/Script/Engine.PlayerStart Name:PlayerStart_1 Label:PlayerStart SpatiallyLoaded:0 Bounds:IsValid=true, Min=(X=-10310.000 Y=-1400.000 Z=9.935), Max=(X=-10230.000 Y=-1320.000 Z=101.935) RuntimeGrid:None EditorOnly:0 RuntimeOnly:0 HLODRelevant:0 ListedInSceneOutliner:1 IsMainWorldOnly:0
 |   |   |- [+] [ 22]
 |   |   |   |- Guid:9735224944BB97D3633F0CBBE1592234 BaseClass: NativeClass:/Script/Engine.StaticMeshActor Name:StaticMeshActor_UAID_A4BB6D4C230A922C02_1954627672 Label:SM_Cylinder3 SpatiallyLoaded:1 Bounds:IsValid=true, Min=(X=-11630.670 Y=-11855.921 Z=2180.000), Max=(X=-9623.085 Y=-9848.336 Z=2705.000) RuntimeGrid:None EditorOnly:0 RuntimeOnly:0 HLODRelevant:1 ListedInSceneOutliner:1 IsMainWorldOnly:0
 |   |   |- [+] [ 23]
 |   |   |   |- Guid:9C49EEBC4D04BB8C2F53CCB48F682B5B BaseClass: NativeClass:/Script/Landscape.LandscapeSplineActor Name:LandscapeSplineActor_UAID_D812656F8AFECB2802_1819245466 Label:LandscapeSplineActor5 SpatiallyLoaded:1 Bounds:IsValid=true, Min=(X=3893.068 Y=-1777.968 Z=1059.916), Max=(X=3893.068 Y=-1777.968 Z=1059.916) RuntimeGrid:None EditorOnly:0 RuntimeOnly:0 HLODRelevant:0 ListedInSceneOutliner:1 IsMainWorldOnly:0
 |   |   |- [+] [ 24]
 |   |   |   |- Guid:A0ABE0434243AF4E520653B4314A4A6B BaseClass: NativeClass:/Script/Landscape.LandscapeSplineActor Name:LandscapeSplineActor_UAID_D812656F8AFEC82802_2139868937 Label:LandscapeSplineActor4 SpatiallyLoaded:1 Bounds:IsValid=true, Min=(X=14444.775 Y=-7427.021 Z=-0.062), Max=(X=14444.775 Y=-7427.021 Z=-0.062) RuntimeGrid:None EditorOnly:0 RuntimeOnly:0 HLODRelevant:0 ListedInSceneOutliner:1 IsMainWorldOnly:0
 |   |   |- [+] [ 25]
 |   |   |   |- Guid:A2B428AE418B31920D8F649D909DD792 BaseClass: NativeClass:/Script/Engine.StaticMeshActor Name:StaticMeshActor_UAID_A4BB6D4C230A922C02_1960542673 Label:SM_Cube11 SpatiallyLoaded:1 Bounds:IsValid=true, Min=(X=-12065.119 Y=-12281.477 Z=2700.000), Max=(X=-9177.014 Y=-9393.371 Z=3425.000) RuntimeGrid:None EditorOnly:0 RuntimeOnly:0 HLODRelevant:1 ListedInSceneOutliner:1 IsMainWorldOnly:0
 |   |   |- [+] [ 26]
 |   |   |   |- Guid:A5D6E6BB46BAC15E6D356990E1F7F480 BaseClass: NativeClass:/Script/Engine.DirectionalLight Name:DirectionalLight_0 Label:DirectionalLight SpatiallyLoaded:0 Bounds:IsValid=true, Min=(X=-1048576.000 Y=-1048576.000 Z=-1048576.000), Max=(X=1048576.000 Y=1048576.000 Z=1048576.000) RuntimeGrid:None EditorOnly:0 RuntimeOnly:0 HLODRelevant:0 ListedInSceneOutliner:1 IsMainWorldOnly:0 FolderPath:Lighting FolderGuid:602030AD4CB26C050EF7B98FCA62FBCA
 |   |   |- [+] [ 27]
 |   |   |   |- Guid:A6ABCCAF4857AE8E40E6228F0FECD123 BaseClass: NativeClass:/Script/Landscape.Landscape Name:Landscape_0 Label:Landscape SpatiallyLoaded:0 Bounds:IsValid=true, Min=(X=-25200.000 Y=-25200.000 Z=0.000), Max=(X=-25200.000 Y=-25200.000 Z=0.000) RuntimeGrid:None EditorOnly:0 RuntimeOnly:0 HLODRelevant:0 ListedInSceneOutliner:1 IsMainWorldOnly:0 FolderPath:Landscape FolderGuid:912F765E4714A1DB296369A3E4390900
 |   |   |- [+] [ 28]
 |   |   |   |- Guid:A86B73D048A2C3DC05389C9A6D2D1B60 BaseClass: NativeClass:/Script/Engine.StaticMeshActor Name:StaticMeshActor_UAID_A4BB6D4C230A932C02_1700364857 Label:SM_Cube15 SpatiallyLoaded:1 Bounds:IsValid=true, Min=(X=-8755.000 Y=-5930.000 Z=530.000), Max=(X=-6430.000 Y=-2555.000 Z=930.000) RuntimeGrid:None EditorOnly:0 RuntimeOnly:0 HLODRelevant:1 ListedInSceneOutliner:1 IsMainWorldOnly:0
 |   |   |- [+] [ 29]
 |   |   |   |- Guid:AB3D653A48C4F01FAA4F39A2698C3518 BaseClass: NativeClass:/Script/Engine.SkyAtmosphere Name:SkyAtmosphere_0 Label:SkyAtmosphere SpatiallyLoaded:0 Bounds:IsValid=true, Min=(X=-12600.000 Y=-12600.000 Z=920.000), Max=(X=-12600.000 Y=-12600.000 Z=920.000) RuntimeGrid:None EditorOnly:0 RuntimeOnly:0 HLODRelevant:0 ListedInSceneOutliner:1 IsMainWorldOnly:0 FolderPath:Lighting FolderGuid:602030AD4CB26C050EF7B98FCA62FBCA
 |   |   |- [+] [ 30]
 |   |   |   |- Guid:ADF3FF3246094F593DF6468AB476B252 BaseClass: NativeClass:/Script/Engine.StaticMeshActor Name:StaticMeshActor_UAID_A4BB6D4C230A912C02_1427658485 Label:SM_Cube6 SpatiallyLoaded:1 Bounds:IsValid=true, Min=(X=-9100.000 Y=-530.000 Z=4060.000), Max=(X=-6575.000 Y=2545.000 Z=4735.000) RuntimeGrid:None EditorOnly:0 RuntimeOnly:0 HLODRelevant:1 ListedInSceneOutliner:1 IsMainWorldOnly:0
 |   |   |- [+] [ 31]
 |   |   |   |- Guid:B73D44804041864106489FB4B211F884 BaseClass: NativeClass:/Script/Engine.StaticMeshActor Name:StaticMeshActor_UAID_A4BB6D4C230A912C02_1423256484 Label:SM_Cube5 SpatiallyLoaded:1 Bounds:IsValid=true, Min=(X=-9100.000 Y=-530.000 Z=430.000), Max=(X=-6575.000 Y=2545.000 Z=1105.000) RuntimeGrid:None EditorOnly:0 RuntimeOnly:0 HLODRelevant:1 ListedInSceneOutliner:1 IsMainWorldOnly:0
 |   |   |- [+] [ 32]
 |   |   |   |- Guid:B8BF4C2749395FF8B04486BB811D389B BaseClass: NativeClass:/Script/Engine.StaticMeshActor Name:StaticMeshActor_UAID_A4BB6D4C230A922C02_1935582671 Label:SM_Cube10 SpatiallyLoaded:1 Bounds:IsValid=true, Min=(X=-12065.119 Y=-12281.477 Z=1460.000), Max=(X=-9177.014 Y=-9393.371 Z=2185.000) RuntimeGrid:None EditorOnly:0 RuntimeOnly:0 HLODRelevant:1 ListedInSceneOutliner:1 IsMainWorldOnly:0
 |   |   |- [+] [ 33]
 |   |   |   |- Guid:BADB0C4C4CE2AFEBE0E228BE26D71AC6 BaseClass: NativeClass:/Script/Landscape.LandscapeStreamingProxy Name:LandscapeStreamingProxy_BN55SI9ETKGRY904720BQHPG3_1_0_1_0 Label:LandscapeStreamingProxy_0_1_0 SpatiallyLoaded:1 Bounds:IsValid=true, Min=(X=-12600.000 Y=0.000 Z=-100.000), Max=(X=0.000 Y=12600.000 Z=100.000) RuntimeGrid:None EditorOnly:0 RuntimeOnly:0 HLODRelevant:1 ListedInSceneOutliner:1 IsMainWorldOnly:0
 |   |   |- [+] [ 34]
 |   |   |   |- Guid:C44F9DE64630391BEE94D9B08D47F146 BaseClass: NativeClass:/Script/Engine.StaticMeshActor Name:StaticMeshActor_UAID_A4BB6D4C230A912C02_1806411489 Label:SM_Cube8 SpatiallyLoaded:1 Bounds:IsValid=true, Min=(X=-7210.000 Y=-7155.000 Z=0.000), Max=(X=-3285.000 Y=-5080.000 Z=2700.000) RuntimeGrid:None EditorOnly:0 RuntimeOnly:0 HLODRelevant:1 ListedInSceneOutliner:1 IsMainWorldOnly:0
 |   |   |- [+] [ 35]
 |   |   |   |- Guid:CA3C0F6345B2DA9E299ED5BEE611655B BaseClass: NativeClass:/Script/Engine.ExponentialHeightFog Name:ExponentialHeightFog_0 Label:ExponentialHeightFog SpatiallyLoaded:0 Bounds:IsValid=true, Min=(X=-18200.000 Y=-12650.000 Z=-6950.000), Max=(X=-18200.000 Y=-12650.000 Z=-6950.000) RuntimeGrid:None EditorOnly:0 RuntimeOnly:0 HLODRelevant:0 ListedInSceneOutliner:1 IsMainWorldOnly:0 FolderPath:Lighting FolderGuid:602030AD4CB26C050EF7B98FCA62FBCA
 |   |   |- [+] [ 36]
 |   |   |   |- Guid:D5CE1A3946843967B0D1A493A9ED5CF6 BaseClass: NativeClass:/Script/Engine.PostProcessVolume Name:PostProcessVolume_0 Label:PostProcessVolume SpatiallyLoaded:0 Bounds:IsValid=true, Min=(X=-12600.000 Y=-12600.000 Z=300.000), Max=(X=-12400.000 Y=-12400.000 Z=500.000) RuntimeGrid:None EditorOnly:0 RuntimeOnly:0 HLODRelevant:0 ListedInSceneOutliner:1 IsMainWorldOnly:0 FolderPath:Lighting FolderGuid:602030AD4CB26C050EF7B98FCA62FBCA
 |   |   |- [+] [ 37]
 |   |   |   |- Guid:DB51ECF7439E5272D96AEF83EF77B392 BaseClass: NativeClass:/Script/Landscape.LandscapeStreamingProxy Name:LandscapeStreamingProxy_BN55SI9ETKGRY904720BQHPG3_1_1_1_0 Label:LandscapeStreamingProxy_1_1_0 SpatiallyLoaded:1 Bounds:IsValid=true, Min=(X=0.000 Y=0.000 Z=-100.000), Max=(X=12600.000 Y=12600.000 Z=100.000) RuntimeGrid:None EditorOnly:0 RuntimeOnly:0 HLODRelevant:1 ListedInSceneOutliner:1 IsMainWorldOnly:0
 |   |   |- [+] [ 38]
 |   |   |   |- Guid:F08E422943C47E22204998A608F1C039 BaseClass: NativeClass:/Script/Engine.StaticMeshActor Name:StaticMeshActor_UAID_A4BB6D4C230A922C02_1459610668 Label:SM_QuarterCylinder2 SpatiallyLoaded:1 Bounds:IsValid=true, Min=(X=4098.572 Y=5035.827 Z=-2510.429), Max=(X=8061.941 Y=8978.919 Z=8564.570) RuntimeGrid:None EditorOnly:0 RuntimeOnly:0 HLODRelevant:1 ListedInSceneOutliner:1 IsMainWorldOnly:0
 |   |   |- [+] [ 39]
 |   |   |   |- Guid:F93825DE4052A18A9C5297A221D152D9 BaseClass: NativeClass:/Script/Engine.StaticMeshActor Name:StaticMeshActor_UAID_A4BB6D4C230A912C02_1298115481 Label:SM_Cube2 SpatiallyLoaded:1 Bounds:IsValid=true, Min=(X=-9100.000 Y=-160.000 Z=1290.000), Max=(X=-6575.000 Y=2915.000 Z=1965.000) RuntimeGrid:None EditorOnly:0 RuntimeOnly:0 HLODRelevant:1 ListedInSceneOutliner:1 IsMainWorldOnly:0
 |   |   |- [+] [ 40]
 |   |   |   |- Guid:FB26E96547B1AC6A1E79F2ABA99DFA0D BaseClass: NativeClass:/Script/Landscape.LandscapeSplineActor Name:LandscapeSplineActor_UAID_D812656F8AFEC82802_2137003936 Label:LandscapeSplineActor3 SpatiallyLoaded:1 Bounds:IsValid=true, Min=(X=14444.775 Y=-10497.021 Z=-0.062), Max=(X=14444.775 Y=-10497.021 Z=-0.062) RuntimeGrid:None EditorOnly:0 RuntimeOnly:0 HLODRelevant:0 ListedInSceneOutliner:1 IsMainWorldOnly:0
 |   |   |- [+] [ 41]
 |   |   |   |- Guid:FC6CDABC4B74E7DF85A01B9DF4C0EBBB BaseClass: NativeClass:/Script/Engine.StaticMeshActor Name:StaticMeshActor_UAID_A4BB6D4C230A912C02_1885090490 Label:SM_Cylinder SpatiallyLoaded:1 Bounds:IsValid=true, Min=(X=-8712.499 Y=-7242.499 Z=0.000), Max=(X=-6487.500 Y=-5017.500 Z=2700.000) RuntimeGrid:None EditorOnly:0 RuntimeOnly:0 HLODRelevant:1 ListedInSceneOutliner:1 IsMainWorldOnly:0
 |   |   |- [+] [ 42]
 |   |   |   |- Guid:FD06D98F4BDE1A797FF3D0AA6658BD2E BaseClass: NativeClass:/Script/Engine.TextRenderActor Name:TextRenderActor_1 Label:TextRenderActor SpatiallyLoaded:1 Bounds:IsValid=true, Min=(X=-11407.019 Y=-2089.928 Z=490.598), Max=(X=-9237.967 Y=-2062.093 Z=690.598) RuntimeGrid:None EditorOnly:0 RuntimeOnly:0 HLODRelevant:0 ListedInSceneOutliner:1 IsMainWorldOnly:0
 |- ContainerInstances:
 |- [+] MainContainer:
 |   |-        ID: 00000000000000000000000000000000
 |   |-  ParentID: 00000000000000000000000000000000
 |   |-    Bounds: IsValid=true, Min=(X=-1638400.000 Y=-1638400.000 Z=-1638400.000), Max=(X=1638400.000 Y=1638400.000 Z=1638400.000)
 |   |- Transform: 0.000000,0.000000,0.000000|0.000000,0.000000,-0.000000|1.000000,1.000000,1.000000
 |   |- Container: /Game/VehicleTemplate/Maps/VehicleExampleMap
----------------------------------------------------------------------------------------------------------------
VehicleExampleMap - Persistent Level
----------------------------------------------------------------------------------------------------------------
[+] Content of VehicleExampleMap Persistent Level
 |- Always loaded Actor Count: 9 
 |- Actor Path: /Game/VehicleTemplate/Maps/VehicleExampleMap.VehicleExampleMap:PersistentLevel.DirectionalLight_0
 |- Actor Package: /Game/__ExternalActors__/VehicleTemplate/Maps/VehicleExampleMap/D/HQ/JFSCDHM3DQXDWPJD8RHGWV
 |- Actor Path: /Game/VehicleTemplate/Maps/VehicleExampleMap.VehicleExampleMap:PersistentLevel.ExponentialHeightFog_0
 |- Actor Package: /Game/__ExternalActors__/VehicleTemplate/Maps/VehicleExampleMap/8/VZ/RO3QWXLUI0FCFWSB7PRWYH
 |- Actor Path: /Game/VehicleTemplate/Maps/VehicleExampleMap.VehicleExampleMap:PersistentLevel.Landscape_0
 |- Actor Package: /Game/__ExternalActors__/VehicleTemplate/Maps/VehicleExampleMap/7/J6/FATC6RSAGYSG8G4CTB1IAT
 |- Actor Path: /Game/VehicleTemplate/Maps/VehicleExampleMap.VehicleExampleMap:PersistentLevel.PlayerStart_1
 |- Actor Package: /Game/__ExternalActors__/VehicleTemplate/Maps/VehicleExampleMap/1/0G/S09YAH4R8CMVDMZ7A20STZ
 |- Actor Path: /Game/VehicleTemplate/Maps/VehicleExampleMap.VehicleExampleMap:PersistentLevel.PostProcessVolume_0
 |- Actor Package: /Game/__ExternalActors__/VehicleTemplate/Maps/VehicleExampleMap/B/S4/39R99VDAXF7X1T8FW5O7G5
 |- Actor Path: /Game/VehicleTemplate/Maps/VehicleExampleMap.VehicleExampleMap:PersistentLevel.SkyAtmosphere_0
 |- Actor Package: /Game/__ExternalActors__/VehicleTemplate/Maps/VehicleExampleMap/E/RG/6FX3FVZLOTLUYLWS5AEE1A
 |- Actor Path: /Game/VehicleTemplate/Maps/VehicleExampleMap.VehicleExampleMap:PersistentLevel.SkyLight_1
 |- Actor Package: /Game/__ExternalActors__/VehicleTemplate/Maps/VehicleExampleMap/3/WW/FO9B6T5LMMCOKJG4HCFNL1
 |- Actor Path: /Game/VehicleTemplate/Maps/VehicleExampleMap.VehicleExampleMap:PersistentLevel.VolumetricCloud_0
 |- Actor Package: /Game/__ExternalActors__/VehicleTemplate/Maps/VehicleExampleMap/7/6B/35BADYNNBJZPEYUTHJKTQU
 |- Actor Path: /Game/VehicleTemplate/Maps/VehicleExampleMap.VehicleExampleMap:PersistentLevel.WorldDataLayers
 |- Actor Package: /Game/__ExternalActors__/VehicleTemplate/Maps/VehicleExampleMap/3/8Z/8O4O20NVAUFW84ZP4YO7II

----------------------------------------------------------------------------------------------------------------
VehicleExampleMap - Runtime Hash Set
----------------------------------------------------------------------------------------------------------------
[+] Content of Cell VehicleExampleMap_MainGrid_0_0_0_2 (24U6JKVJ3AI1M9QAHTM7LPPU4)
 |- Actor Count: 2
 |- [+] /Game/VehicleTemplate/Maps/VehicleExampleMap.VehicleExampleMap:PersistentLevel.LandscapeSplineActor_0
 |   |-         Package: /Game/__ExternalActors__/VehicleTemplate/Maps/VehicleExampleMap/C/76/YJP85A4P2ZE6QYF4TIS7MO
 |   |-     Editor Only: 0
 |   |-   Instance Guid: 6C62788144E17A979226A4BA49BE9805
 |   |- [+] Container:
 |   |   |-        ID: 00000000000000000000000000000000
 |   |   |- Transform: 0.000000,0.000000,0.000000|0.000000,0.000000,-0.000000|1.000000,1.000000,1.000000
 |- [+] /Game/VehicleTemplate/Maps/VehicleExampleMap.VehicleExampleMap:PersistentLevel.Landscape_0
 |   |-         Package: /Game/__ExternalActors__/VehicleTemplate/Maps/VehicleExampleMap/7/J6/FATC6RSAGYSG8G4CTB1IAT
 |   |-     Editor Only: 1
 |   |-   Instance Guid: A6ABCCAF4857AE8E40E6228F0FECD123
 |   |- [+] Container:
 |   |   |-        ID: 00000000000000000000000000000000
 |   |   |- Transform: 0.000000,0.000000,0.000000|0.000000,0.000000,-0.000000|1.000000,1.000000,1.000000
[+] Content of Cell VehicleExampleMap_MainGrid_0_1_0_0 (5MYFBWRR9Z5SDLQMX2DTP40Y2)
 |- Actor Count: 1
 |- [+] /Game/VehicleTemplate/Maps/VehicleExampleMap.VehicleExampleMap:PersistentLevel.StaticMeshActor_UAID_A4BB6D4C230A922C02_1400145667
 |   |-         Package: /Game/__ExternalActors__/VehicleTemplate/Maps/VehicleExampleMap/0/PO/ZI8DYYUMCJAKY5AJJBYIB2
 |   |-     Editor Only: 0
 |   |-   Instance Guid: 3DE7A1C34CC794132B6149BA37BAA3DC
 |   |- [+] Container:
 |   |   |-        ID: 00000000000000000000000000000000
 |   |   |- Transform: 0.000000,0.000000,0.000000|0.000000,0.000000,-0.000000|1.000000,1.000000,1.000000
[+] Content of Cell VehicleExampleMap_MainGrid_-1_0_0_0 (5YDPZ2RBIGNK9464XCAMKJK6P)
 |- Actor Count: 7
 |- [+] /Game/VehicleTemplate/Maps/VehicleExampleMap.VehicleExampleMap:PersistentLevel.StaticMeshActor_UAID_A4BB6D4C230A912C02_1416473483
 |   |-         Package: /Game/__ExternalActors__/VehicleTemplate/Maps/VehicleExampleMap/B/J1/LZOIGVO393G6IP34YXLJZB
 |   |-     Editor Only: 0
 |   |-   Instance Guid: 07844BB144F7060915448096C8043940
 |   |- [+] Container:
 |   |   |-        ID: 00000000000000000000000000000000
 |   |   |- Transform: 0.000000,0.000000,0.000000|0.000000,0.000000,-0.000000|1.000000,1.000000,1.000000
 |- [+] /Game/VehicleTemplate/Maps/VehicleExampleMap.VehicleExampleMap:PersistentLevel.StaticMeshActor_UAID_A4BB6D4C230A912C02_1105915479
 |   |-         Package: /Game/__ExternalActors__/VehicleTemplate/Maps/VehicleExampleMap/4/1H/ATMHYLCR23XJ9UPLP01507
 |   |-     Editor Only: 0
 |   |-   Instance Guid: 389578C94319C2CE6CF06FB4340ABC48
 |   |- [+] Container:
 |   |   |-        ID: 00000000000000000000000000000000
 |   |   |- Transform: 0.000000,0.000000,0.000000|0.000000,0.000000,-0.000000|1.000000,1.000000,1.000000
 |- [+] /Game/VehicleTemplate/Maps/VehicleExampleMap.VehicleExampleMap:PersistentLevel.StaticMeshActor_UAID_A4BB6D4C230A912C02_1413307482
 |   |-         Package: /Game/__ExternalActors__/VehicleTemplate/Maps/VehicleExampleMap/C/WB/1SDTEAY70M8JUWWEY6D4P8
 |   |-     Editor Only: 0
 |   |-   Instance Guid: 57FFF21549B35B2E31D9AE9D865A0936
 |   |- [+] Container:
 |   |   |-        ID: 00000000000000000000000000000000
 |   |   |- Transform: 0.000000,0.000000,0.000000|0.000000,0.000000,-0.000000|1.000000,1.000000,1.000000
 |- [+] /Game/VehicleTemplate/Maps/VehicleExampleMap.VehicleExampleMap:PersistentLevel.StaticMeshActor_UAID_A4BB6D4C230A912C02_1427658485
 |   |-         Package: /Game/__ExternalActors__/VehicleTemplate/Maps/VehicleExampleMap/D/66/HOH2E0RXMHZ36WBLJ4THIX
 |   |-     Editor Only: 0
 |   |-   Instance Guid: ADF3FF3246094F593DF6468AB476B252
 |   |- [+] Container:
 |   |   |-        ID: 00000000000000000000000000000000
 |   |   |- Transform: 0.000000,0.000000,0.000000|0.000000,0.000000,-0.000000|1.000000,1.000000,1.000000
 |- [+] /Game/VehicleTemplate/Maps/VehicleExampleMap.VehicleExampleMap:PersistentLevel.StaticMeshActor_UAID_A4BB6D4C230A912C02_1423256484
 |   |-         Package: /Game/__ExternalActors__/VehicleTemplate/Maps/VehicleExampleMap/2/G5/ZYUG74P7Y22U2VA4YWG9WW
 |   |-     Editor Only: 0
 |   |-   Instance Guid: B73D44804041864106489FB4B211F884
 |   |- [+] Container:
 |   |   |-        ID: 00000000000000000000000000000000
 |   |   |- Transform: 0.000000,0.000000,0.000000|0.000000,0.000000,-0.000000|1.000000,1.000000,1.000000
 |- [+] /Game/VehicleTemplate/Maps/VehicleExampleMap.VehicleExampleMap:PersistentLevel.LandscapeStreamingProxy_BN55SI9ETKGRY904720BQHPG3_1_0_1_0
 |   |-         Package: /Game/__ExternalActors__/VehicleTemplate/Maps/VehicleExampleMap/6/S7/2NX9ZP7Z2SEKB8KO5J9VC2
 |   |-     Editor Only: 0
 |   |-   Instance Guid: BADB0C4C4CE2AFEBE0E228BE26D71AC6
 |   |- [+] Container:
 |   |   |-        ID: 00000000000000000000000000000000
 |   |   |- Transform: 0.000000,0.000000,0.000000|0.000000,0.000000,-0.000000|1.000000,1.000000,1.000000
 |- [+] /Game/VehicleTemplate/Maps/VehicleExampleMap.VehicleExampleMap:PersistentLevel.StaticMeshActor_UAID_A4BB6D4C230A912C02_1298115481
 |   |-         Package: /Game/__ExternalActors__/VehicleTemplate/Maps/VehicleExampleMap/3/KX/1BKZYQIVXT56TO5KGSTYKO
 |   |-     Editor Only: 0
 |   |-   Instance Guid: F93825DE4052A18A9C5297A221D152D9
 |   |- [+] Container:
 |   |   |-        ID: 00000000000000000000000000000000
 |   |   |- Transform: 0.000000,0.000000,0.000000|0.000000,0.000000,-0.000000|1.000000,1.000000,1.000000
[+] Content of Cell VehicleExampleMap_MainGrid_-1_-1_0_0 (6T1YSOSQ3H7QRHKBK1UW84O2F)
 |- Actor Count: 15
 |- [+] /Game/VehicleTemplate/Maps/VehicleExampleMap.VehicleExampleMap:PersistentLevel.StaticMeshActor_UAID_A4BB6D4C230A932C02_1843584858
 |   |-         Package: /Game/__ExternalActors__/VehicleTemplate/Maps/VehicleExampleMap/3/1Y/ZYXKDQ8CGA05FQZ7ALM89G
 |   |-     Editor Only: 0
 |   |-   Instance Guid: 055EAC0E4676A96D049610B5496DD6A5
 |   |- [+] Container:
 |   |   |-        ID: 00000000000000000000000000000000
 |   |   |- Transform: 0.000000,0.000000,0.000000|0.000000,0.000000,-0.000000|1.000000,1.000000,1.000000
 |- [+] /Game/VehicleTemplate/Maps/VehicleExampleMap.VehicleExampleMap:PersistentLevel.StaticMeshActor_UAID_A4BB6D4C230A932C02_1577148855
 |   |-         Package: /Game/__ExternalActors__/VehicleTemplate/Maps/VehicleExampleMap/1/0D/X708ZQYM2FN99TSTDZGQE6
 |   |-     Editor Only: 0
 |   |-   Instance Guid: 15416BFE4D68A822D49304A328290ED1
 |   |- [+] Container:
 |   |   |-        ID: 00000000000000000000000000000000
 |   |   |- Transform: 0.000000,0.000000,0.000000|0.000000,0.000000,-0.000000|1.000000,1.000000,1.000000
 |- [+] /Game/VehicleTemplate/Maps/VehicleExampleMap.VehicleExampleMap:PersistentLevel.StaticMeshActor_UAID_A4BB6D4C230A922C02_1883763669
 |   |-         Package: /Game/__ExternalActors__/VehicleTemplate/Maps/VehicleExampleMap/6/GH/6IKF4COM8OG8HLQZL8XUJV
 |   |-     Editor Only: 0
 |   |-   Instance Guid: 17AC8EDB4184CB9A8AD0308824C89121
 |   |- [+] Container:
 |   |   |-        ID: 00000000000000000000000000000000
 |   |   |- Transform: 0.000000,0.000000,0.000000|0.000000,0.000000,-0.000000|1.000000,1.000000,1.000000
 |- [+] /Game/VehicleTemplate/Maps/VehicleExampleMap.VehicleExampleMap:PersistentLevel.LandscapeStreamingProxy_BN55SI9ETKGRY904720BQHPG3_1_0_0_0
 |   |-         Package: /Game/__ExternalActors__/VehicleTemplate/Maps/VehicleExampleMap/2/KA/641DILFS056EAGXA96WARU
 |   |-     Editor Only: 0
 |   |-   Instance Guid: 25E856F042412E1485596BAE8A5ABA38
 |   |- [+] Container:
 |   |   |-        ID: 00000000000000000000000000000000
 |   |   |- Transform: 0.000000,0.000000,0.000000|0.000000,0.000000,-0.000000|1.000000,1.000000,1.000000
 |- [+] /Game/VehicleTemplate/Maps/VehicleExampleMap.VehicleExampleMap:PersistentLevel.StaticMeshActor_UAID_A4BB6D4C230A922C02_1901129670
 |   |-         Package: /Game/__ExternalActors__/VehicleTemplate/Maps/VehicleExampleMap/1/BT/BYXLKVQJ1EF7JQXYOLQA8K
 |   |-     Editor Only: 0
 |   |-   Instance Guid: 615640D340467BAD9B0528B11231C3BC
 |   |- [+] Container:
 |   |   |-        ID: 00000000000000000000000000000000
 |   |   |- Transform: 0.000000,0.000000,0.000000|0.000000,0.000000,-0.000000|1.000000,1.000000,1.000000
 |- [+] /Game/VehicleTemplate/Maps/VehicleExampleMap.VehicleExampleMap:PersistentLevel.StaticMeshActor_UAID_A4BB6D4C230A912C02_1742085488
 |   |-         Package: /Game/__ExternalActors__/VehicleTemplate/Maps/VehicleExampleMap/3/HY/OHJ178SHFVRQWU8O1NGOK7
 |   |-     Editor Only: 0
 |   |-   Instance Guid: 71DE745C4AB9812355A8239715184F47
 |   |- [+] Container:
 |   |   |-        ID: 00000000000000000000000000000000
 |   |   |- Transform: 0.000000,0.000000,0.000000|0.000000,0.000000,-0.000000|1.000000,1.000000,1.000000
 |- [+] /Game/VehicleTemplate/Maps/VehicleExampleMap.VehicleExampleMap:PersistentLevel.StaticMeshActor_UAID_A4BB6D4C230A932C02_1275648853
 |   |-         Package: /Game/__ExternalActors__/VehicleTemplate/Maps/VehicleExampleMap/6/PA/VYDLY9DTUZ428UE3B7N8TH
 |   |-     Editor Only: 0
 |   |-   Instance Guid: 80246D09483A292FE35C60A40C547CA1
 |   |- [+] Container:
 |   |   |-        ID: 00000000000000000000000000000000
 |   |   |- Transform: 0.000000,0.000000,0.000000|0.000000,0.000000,-0.000000|1.000000,1.000000,1.000000
 |- [+] /Game/VehicleTemplate/Maps/VehicleExampleMap.VehicleExampleMap:PersistentLevel.StaticMeshActor_UAID_A4BB6D4C230A932C02_1671622856
 |   |-         Package: /Game/__ExternalActors__/VehicleTemplate/Maps/VehicleExampleMap/2/LF/4IW6ULGYBJVVKF806PPMUU
 |   |-     Editor Only: 0
 |   |-   Instance Guid: 8081F1EF4AE2C73C347C1E99C555707E
 |   |- [+] Container:
 |   |   |-        ID: 00000000000000000000000000000000
 |   |   |- Transform: 0.000000,0.000000,0.000000|0.000000,0.000000,-0.000000|1.000000,1.000000,1.000000
 |- [+] /Game/VehicleTemplate/Maps/VehicleExampleMap.VehicleExampleMap:PersistentLevel.StaticMeshActor_UAID_A4BB6D4C230A922C02_1954627672
 |   |-         Package: /Game/__ExternalActors__/VehicleTemplate/Maps/VehicleExampleMap/5/YU/G8CHA7C6LWY93J2YNTVUC4
 |   |-     Editor Only: 0
 |   |-   Instance Guid: 9735224944BB97D3633F0CBBE1592234
 |   |- [+] Container:
 |   |   |-        ID: 00000000000000000000000000000000
 |   |   |- Transform: 0.000000,0.000000,0.000000|0.000000,0.000000,-0.000000|1.000000,1.000000,1.000000
 |- [+] /Game/VehicleTemplate/Maps/VehicleExampleMap.VehicleExampleMap:PersistentLevel.StaticMeshActor_UAID_A4BB6D4C230A922C02_1960542673
 |   |-         Package: /Game/__ExternalActors__/VehicleTemplate/Maps/VehicleExampleMap/C/Q6/1AWDML722PGIQF6L1MZWBM
 |   |-     Editor Only: 0
 |   |-   Instance Guid: A2B428AE418B31920D8F649D909DD792
 |   |- [+] Container:
 |   |   |-        ID: 00000000000000000000000000000000
 |   |   |- Transform: 0.000000,0.000000,0.000000|0.000000,0.000000,-0.000000|1.000000,1.000000,1.000000
 |- [+] /Game/VehicleTemplate/Maps/VehicleExampleMap.VehicleExampleMap:PersistentLevel.StaticMeshActor_UAID_A4BB6D4C230A932C02_1700364857
 |   |-         Package: /Game/__ExternalActors__/VehicleTemplate/Maps/VehicleExampleMap/8/SG/HVE45XMC5KWOG0UYLKRX7U
 |   |-     Editor Only: 0
 |   |-   Instance Guid: A86B73D048A2C3DC05389C9A6D2D1B60
 |   |- [+] Container:
 |   |   |-        ID: 00000000000000000000000000000000
 |   |   |- Transform: 0.000000,0.000000,0.000000|0.000000,0.000000,-0.000000|1.000000,1.000000,1.000000
 |- [+] /Game/VehicleTemplate/Maps/VehicleExampleMap.VehicleExampleMap:PersistentLevel.StaticMeshActor_UAID_A4BB6D4C230A922C02_1935582671
 |   |-         Package: /Game/__ExternalActors__/VehicleTemplate/Maps/VehicleExampleMap/B/9I/3E4SNDNCDZCK24JVENG5ZJ
 |   |-     Editor Only: 0
 |   |-   Instance Guid: B8BF4C2749395FF8B04486BB811D389B
 |   |- [+] Container:
 |   |   |-        ID: 00000000000000000000000000000000
 |   |   |- Transform: 0.000000,0.000000,0.000000|0.000000,0.000000,-0.000000|1.000000,1.000000,1.000000
 |- [+] /Game/VehicleTemplate/Maps/VehicleExampleMap.VehicleExampleMap:PersistentLevel.StaticMeshActor_UAID_A4BB6D4C230A912C02_1806411489
 |   |-         Package: /Game/__ExternalActors__/VehicleTemplate/Maps/VehicleExampleMap/2/XI/ECD42S3YL7DF9ZSF7ZWJAC
 |   |-     Editor Only: 0
 |   |-   Instance Guid: C44F9DE64630391BEE94D9B08D47F146
 |   |- [+] Container:
 |   |   |-        ID: 00000000000000000000000000000000
 |   |   |- Transform: 0.000000,0.000000,0.000000|0.000000,0.000000,-0.000000|1.000000,1.000000,1.000000
 |- [+] /Game/VehicleTemplate/Maps/VehicleExampleMap.VehicleExampleMap:PersistentLevel.StaticMeshActor_UAID_A4BB6D4C230A912C02_1885090490
 |   |-         Package: /Game/__ExternalActors__/VehicleTemplate/Maps/VehicleExampleMap/9/XO/0IS1TPJEXKSB2SO1DVHJHA
 |   |-     Editor Only: 0
 |   |-   Instance Guid: FC6CDABC4B74E7DF85A01B9DF4C0EBBB
 |   |- [+] Container:
 |   |   |-        ID: 00000000000000000000000000000000
 |   |   |- Transform: 0.000000,0.000000,0.000000|0.000000,0.000000,-0.000000|1.000000,1.000000,1.000000
 |- [+] /Game/VehicleTemplate/Maps/VehicleExampleMap.VehicleExampleMap:PersistentLevel.TextRenderActor_1
 |   |-         Package: /Game/__ExternalActors__/VehicleTemplate/Maps/VehicleExampleMap/A/H0/LYTDGJWOH7OXH2EDGARXVB
 |   |-     Editor Only: 0
 |   |-   Instance Guid: FD06D98F4BDE1A797FF3D0AA6658BD2E
 |   |- [+] Container:
 |   |   |-        ID: 00000000000000000000000000000000
 |   |   |- Transform: 0.000000,0.000000,0.000000|0.000000,0.000000,-0.000000|1.000000,1.000000,1.000000
[+] Content of Cell VehicleExampleMap_MainGrid_0_0_0_8 (897IMG9I4PJZKZ0MQ4KT91XQ1)
 |- Actor Count: 1
 |- [+] /Game/VehicleTemplate/Maps/VehicleExampleMap.VehicleExampleMap:PersistentLevel.StaticMeshActor_UAID_A4AE111137DC5DFB00_1630210247
 |   |-         Package: /Game/__ExternalActors__/VehicleTemplate/Maps/VehicleExampleMap/4/LP/UZ50PDVAY299IMPNI9D2JC
 |   |-     Editor Only: 0
 |   |-   Instance Guid: 72FBA45F474AD6B89F11049FCA83748F
 |   |- [+] Container:
 |   |   |-        ID: 00000000000000000000000000000000
 |   |   |- Transform: 0.000000,0.000000,0.000000|0.000000,0.000000,-0.000000|1.000000,1.000000,1.000000
[+] Content of Cell VehicleExampleMap_MainGrid_1_-1_-1_0 (AXQIECN1H2KL47UW2XCA8LTE5)
 |- Actor Count: 4
 |- [+] /Game/VehicleTemplate/Maps/VehicleExampleMap.VehicleExampleMap:PersistentLevel.LandscapeSplineActor_UAID_D812656F8AFEC82802_2067434935
 |   |-         Package: /Game/__ExternalActors__/VehicleTemplate/Maps/VehicleExampleMap/D/DY/9RA4X5LS2RMEU4UHLSXA4O
 |   |-     Editor Only: 0
 |   |-   Instance Guid: 8B1D5DD944C3308CB710C78DA7771909
 |   |- [+] Container:
 |   |   |-        ID: 00000000000000000000000000000000
 |   |   |- Transform: 0.000000,0.000000,0.000000|0.000000,0.000000,-0.000000|1.000000,1.000000,1.000000
 |- [+] /Game/VehicleTemplate/Maps/VehicleExampleMap.VehicleExampleMap:PersistentLevel.LandscapeSplineActor_UAID_D812656F8AFEC82802_2139868937
 |   |-         Package: /Game/__ExternalActors__/VehicleTemplate/Maps/VehicleExampleMap/7/6C/FHGHRQVUKC3L48ZUCOQ2S2
 |   |-     Editor Only: 0
 |   |-   Instance Guid: A0ABE0434243AF4E520653B4314A4A6B
 |   |- [+] Container:
 |   |   |-        ID: 00000000000000000000000000000000
 |   |   |- Transform: 0.000000,0.000000,0.000000|0.000000,0.000000,-0.000000|1.000000,1.000000,1.000000
 |- [+] /Game/VehicleTemplate/Maps/VehicleExampleMap.VehicleExampleMap:PersistentLevel.Landscape_0
 |   |-         Package: /Game/__ExternalActors__/VehicleTemplate/Maps/VehicleExampleMap/7/J6/FATC6RSAGYSG8G4CTB1IAT
 |   |-     Editor Only: 1
 |   |-   Instance Guid: A6ABCCAF4857AE8E40E6228F0FECD123
 |   |- [+] Container:
 |   |   |-        ID: 00000000000000000000000000000000
 |   |   |- Transform: 0.000000,0.000000,0.000000|0.000000,0.000000,-0.000000|1.000000,1.000000,1.000000
 |- [+] /Game/VehicleTemplate/Maps/VehicleExampleMap.VehicleExampleMap:PersistentLevel.LandscapeSplineActor_UAID_D812656F8AFEC82802_2137003936
 |   |-         Package: /Game/__ExternalActors__/VehicleTemplate/Maps/VehicleExampleMap/C/3H/ICXVPHWI5UZ248RQW02WUM
 |   |-     Editor Only: 0
 |   |-   Instance Guid: FB26E96547B1AC6A1E79F2ABA99DFA0D
 |   |- [+] Container:
 |   |   |-        ID: 00000000000000000000000000000000
 |   |   |- Transform: 0.000000,0.000000,0.000000|0.000000,0.000000,-0.000000|1.000000,1.000000,1.000000
[+] Content of Cell VehicleExampleMap_MainGrid_0_-1_0_0 (DHG3AWG2XKXZORCBPXSYJFZWJ)
 |- Actor Count: 2
 |- [+] /Game/VehicleTemplate/Maps/VehicleExampleMap.VehicleExampleMap:PersistentLevel.LandscapeSplineActor_UAID_D812656F8AFECB2802_1819245466
 |   |-         Package: /Game/__ExternalActors__/VehicleTemplate/Maps/VehicleExampleMap/2/NE/KF82YLUIRWPT7ZOMIOLIUD
 |   |-     Editor Only: 0
 |   |-   Instance Guid: 9C49EEBC4D04BB8C2F53CCB48F682B5B
 |   |- [+] Container:
 |   |   |-        ID: 00000000000000000000000000000000
 |   |   |- Transform: 0.000000,0.000000,0.000000|0.000000,0.000000,-0.000000|1.000000,1.000000,1.000000
 |- [+] /Game/VehicleTemplate/Maps/VehicleExampleMap.VehicleExampleMap:PersistentLevel.Landscape_0
 |   |-         Package: /Game/__ExternalActors__/VehicleTemplate/Maps/VehicleExampleMap/7/J6/FATC6RSAGYSG8G4CTB1IAT
 |   |-     Editor Only: 1
 |   |-   Instance Guid: A6ABCCAF4857AE8E40E6228F0FECD123
 |   |- [+] Container:
 |   |   |-        ID: 00000000000000000000000000000000
 |   |   |- Transform: 0.000000,0.000000,0.000000|0.000000,0.000000,-0.000000|1.000000,1.000000,1.000000
[+] Content of Cell VehicleExampleMap_MainGrid_0_-1_0_1 (DNJ31QXG14AV66ZIKFWWB68SC)
 |- Actor Count: 1
 |- [+] /Game/VehicleTemplate/Maps/VehicleExampleMap.VehicleExampleMap:PersistentLevel.LandscapeStreamingProxy_BN55SI9ETKGRY904720BQHPG3_1_1_0_0
 |   |-         Package: /Game/__ExternalActors__/VehicleTemplate/Maps/VehicleExampleMap/C/FV/0ORXDSHBYQOS2A920WHDXV
 |   |-     Editor Only: 0
 |   |-   Instance Guid: 171313D0407C3F64D2D4B296EC558C63
 |   |- [+] Container:
 |   |   |-        ID: 00000000000000000000000000000000
 |   |   |- Transform: 0.000000,0.000000,0.000000|0.000000,0.000000,-0.000000|1.000000,1.000000,1.000000
[+] Content of Cell VehicleExampleMap_MainGrid_0_0_0_0 (DUQ8UIGORP95Q0PRP1YVGIGDT)
 |- Actor Count: 4
 |- [+] /Game/VehicleTemplate/Maps/VehicleExampleMap.VehicleExampleMap:PersistentLevel.StaticMeshActor_UAID_D812656F8AFE2E2D02_1916802111
 |   |-         Package: /Game/__ExternalActors__/VehicleTemplate/Maps/VehicleExampleMap/1/WE/OZDULBTNY3FO9CC5KWQ8FD
 |   |-     Editor Only: 0
 |   |-   Instance Guid: 23EF29E44B3A7E1C9BB1618CF08C3030
 |   |- [+] Container:
 |   |   |-        ID: 00000000000000000000000000000000
 |   |   |- Transform: 0.000000,0.000000,0.000000|0.000000,0.000000,-0.000000|1.000000,1.000000,1.000000
 |- [+] /Game/VehicleTemplate/Maps/VehicleExampleMap.VehicleExampleMap:PersistentLevel.StaticMeshActor_UAID_A4BB6D4C230A922C02_2108870675
 |   |-         Package: /Game/__ExternalActors__/VehicleTemplate/Maps/VehicleExampleMap/6/S8/82NE2MLG5VMF434KIGRHA6
 |   |-     Editor Only: 0
 |   |-   Instance Guid: 649DE9AC4AAC2445F415518ACEF30635
 |   |- [+] Container:
 |   |   |-        ID: 00000000000000000000000000000000
 |   |   |- Transform: 0.000000,0.000000,0.000000|0.000000,0.000000,-0.000000|1.000000,1.000000,1.000000
 |- [+] /Game/VehicleTemplate/Maps/VehicleExampleMap.VehicleExampleMap:PersistentLevel.LandscapeStreamingProxy_BN55SI9ETKGRY904720BQHPG3_1_1_1_0
 |   |-         Package: /Game/__ExternalActors__/VehicleTemplate/Maps/VehicleExampleMap/6/OV/83W7IXH4TGHRI72ZDV4BUN
 |   |-     Editor Only: 0
 |   |-   Instance Guid: DB51ECF7439E5272D96AEF83EF77B392
 |   |- [+] Container:
 |   |   |-        ID: 00000000000000000000000000000000
 |   |   |- Transform: 0.000000,0.000000,0.000000|0.000000,0.000000,-0.000000|1.000000,1.000000,1.000000
 |- [+] /Game/VehicleTemplate/Maps/VehicleExampleMap.VehicleExampleMap:PersistentLevel.StaticMeshActor_UAID_A4BB6D4C230A922C02_1459610668
 |   |-         Package: /Game/__ExternalActors__/VehicleTemplate/Maps/VehicleExampleMap/B/N4/XGQ38IDQ6SX1IPYK0LCOTT
 |   |-     Editor Only: 0
 |   |-   Instance Guid: F08E422943C47E22204998A608F1C039
 |   |- [+] Container:
 |   |   |-        ID: 00000000000000000000000000000000
 |   |   |- Transform: 0.000000,0.000000,0.000000|0.000000,0.000000,-0.000000|1.000000,1.000000,1.000000

